[2025-09-08 22:22:08] PHP Error: mkdir(): File exists in C:\xampp\htdocs\empowerup\api\config\Database.php on line 153
[2025-09-08 22:22:08] Auth token error: Erro na consulta ao banco de dados
[2025-09-08 22:22:08] Auth token error: Erro na consulta ao banco de dados
[2025-09-08 22:22:08] Auth token error: Erro na consulta ao banco de dados
[2025-09-08 22:22:37] Auth token error: Erro na consulta ao banco de dados
[2025-09-08 22:22:37] Auth token error: Erro na consulta ao banco de dados
[2025-09-08 22:22:50] Auth token error: Erro na consulta ao banco de dados
[2025-09-08 22:23:06] Auth token error: Erro na consulta ao banco de dados
[2025-09-08 22:30:57] Iniciando getSavedPosts
[2025-09-08 22:30:57] User authenticated in getSavedPosts: 10 - marianalobonascimento
[2025-09-08 22:30:57] Searching saved posts for user ID: 10
[2025-09-08 22:30:57] Found 1 saved posts
[2025-09-08 22:30:57] Returning response with 1 formatted posts
[2025-09-08 22:30:57] Iniciando getSavedPosts
[2025-09-08 22:30:57] User authenticated in getSavedPosts: 10 - marianalobonascimento
[2025-09-08 22:30:57] Searching saved posts for user ID: 10
[2025-09-08 22:30:57] Found 1 saved posts
[2025-09-08 22:30:57] Returning response with 1 formatted posts
[2025-09-08 22:32:48] PHP Error: Undefined array key "email" in C:\xampp\htdocs\empowerup\api\utils\Helper.php on line 98
[2025-09-08 22:32:48] PHP Error: Undefined array key "email" in C:\xampp\htdocs\empowerup\api\utils\Helper.php on line 98
[2025-09-08 22:32:48] PHP Error: Undefined array key "email" in C:\xampp\htdocs\empowerup\api\utils\Helper.php on line 98
[2025-09-08 22:32:48] PHP Error: Undefined array key "email" in C:\xampp\htdocs\empowerup\api\utils\Helper.php on line 98
[2025-09-08 22:33:00] PHP Error: Undefined array key "email" in C:\xampp\htdocs\empowerup\api\utils\Helper.php on line 98
[2025-09-08 22:33:00] PHP Error: Undefined array key "email" in C:\xampp\htdocs\empowerup\api\utils\Helper.php on line 98
[2025-09-08 22:33:00] PHP Error: Undefined array key "email" in C:\xampp\htdocs\empowerup\api\utils\Helper.php on line 98
[2025-09-08 22:33:01] PHP Error: Undefined array key "email" in C:\xampp\htdocs\empowerup\api\utils\Helper.php on line 98
[2025-09-08 22:33:10] PHP Error: Undefined array key "email" in C:\xampp\htdocs\empowerup\api\utils\Helper.php on line 98
[2025-09-08 22:33:10] PHP Error: Undefined array key "email" in C:\xampp\htdocs\empowerup\api\utils\Helper.php on line 98
[2025-09-08 22:33:17] Iniciando getSavedPosts
[2025-09-08 22:33:17] User authenticated in getSavedPosts: 10 - marianalobonascimento
[2025-09-08 22:33:17] Searching saved posts for user ID: 10
[2025-09-08 22:33:17] Found 1 saved posts
[2025-09-08 22:33:17] Returning response with 1 formatted posts
[2025-09-08 22:33:17] PHP Error: Undefined array key "email" in C:\xampp\htdocs\empowerup\api\utils\Helper.php on line 98
[2025-09-08 22:35:49] Update profile error: Erro na consulta ao banco de dados Context: {"nome":"Mariana Lobo Nascimento","email":"mari.lobao@etec.sp.gov.br","telefone":"11950710210","bio":"sou fa da Lana e gosto de gatos","website":"","localizacao":""}
[2025-09-08 22:35:56] Update profile error: Erro na consulta ao banco de dados Context: {"nome":"Mariana Lobo Nascimento","email":"mari.lobao@etec.sp.gov.br","telefone":"11950710210","bio":"sou fa da Lana e gosto de gato","website":"","localizacao":""}
[2025-09-08 22:36:05] PHP Error: Undefined array key "email" in C:\xampp\htdocs\empowerup\api\utils\Helper.php on line 98
[2025-09-08 22:36:05] Iniciando getSavedPosts
[2025-09-08 22:36:05] User authenticated in getSavedPosts: 10 - marianalobonascimento
[2025-09-08 22:36:05] Searching saved posts for user ID: 10
[2025-09-08 22:36:05] Found 1 saved posts
[2025-09-08 22:36:05] Returning response with 1 formatted posts
[2025-09-08 22:36:05] PHP Error: Undefined array key "email" in C:\xampp\htdocs\empowerup\api\utils\Helper.php on line 98
[2025-09-08 22:36:05] Iniciando getSavedPosts
[2025-09-08 22:36:05] User authenticated in getSavedPosts: 10 - marianalobonascimento
[2025-09-08 22:36:05] Searching saved posts for user ID: 10
[2025-09-08 22:36:05] Found 1 saved posts
[2025-09-08 22:36:05] Returning response with 1 formatted posts
[2025-09-08 22:36:27] Iniciando getSavedPosts
[2025-09-08 22:36:27] User authenticated in getSavedPosts: 10 - marianalobonascimento
[2025-09-08 22:36:27] Searching saved posts for user ID: 10
[2025-09-08 22:36:27] Found 1 saved posts
[2025-09-08 22:36:27] Returning response with 1 formatted posts
[2025-09-08 22:36:27] Iniciando getSavedPosts
[2025-09-08 22:36:27] User authenticated in getSavedPosts: 10 - marianalobonascimento
[2025-09-08 22:36:27] Searching saved posts for user ID: 10
[2025-09-08 22:36:27] Found 1 saved posts
[2025-09-08 22:36:27] Returning response with 1 formatted posts
[2025-09-08 22:36:37] Iniciando getSavedPosts
[2025-09-08 22:36:37] User authenticated in getSavedPosts: 10 - marianalobonascimento
[2025-09-08 22:36:37] Searching saved posts for user ID: 10
[2025-09-08 22:36:37] Found 3 saved posts
[2025-09-08 22:36:37] Returning response with 3 formatted posts
[2025-09-08 22:36:37] Iniciando getSavedPosts
[2025-09-08 22:36:37] User authenticated in getSavedPosts: 10 - marianalobonascimento
[2025-09-08 22:36:37] Searching saved posts for user ID: 10
[2025-09-08 22:36:37] Found 3 saved posts
[2025-09-08 22:36:37] Returning response with 3 formatted posts
[2025-09-08 22:36:46] PHP Error: Undefined array key "email" in C:\xampp\htdocs\empowerup\api\utils\Helper.php on line 98
[2025-09-08 22:36:46] PHP Error: Undefined array key "email" in C:\xampp\htdocs\empowerup\api\utils\Helper.php on line 98
[2025-09-08 22:36:46] PHP Error: Undefined array key "email" in C:\xampp\htdocs\empowerup\api\utils\Helper.php on line 98
[2025-09-08 22:36:46] PHP Error: Undefined array key "email" in C:\xampp\htdocs\empowerup\api\utils\Helper.php on line 98
[2025-09-08 22:37:34] Erro ao salvar mídia no DB: SQLSTATE[42S22]: Column not found: 1054 Unknown column 'data' in 'field list' Context: {"post_id":"32"}
[2025-09-08 22:38:32] PHP Error: Undefined array key "email" in C:\xampp\htdocs\empowerup\api\utils\Helper.php on line 98
[2025-09-08 22:38:32] Iniciando getSavedPosts
[2025-09-08 22:38:32] User authenticated in getSavedPosts: 10 - marianalobonascimento
[2025-09-08 22:38:32] Searching saved posts for user ID: 10
[2025-09-08 22:38:32] Found 3 saved posts
[2025-09-08 22:38:32] Returning response with 3 formatted posts
[2025-09-08 22:38:32] Iniciando getSavedPosts
[2025-09-08 22:38:32] User authenticated in getSavedPosts: 10 - marianalobonascimento
[2025-09-08 22:38:32] Searching saved posts for user ID: 10
[2025-09-08 22:38:32] Found 3 saved posts
[2025-09-08 22:38:32] Returning response with 3 formatted posts
[2025-09-08 22:38:32] PHP Error: Undefined array key "email" in C:\xampp\htdocs\empowerup\api\utils\Helper.php on line 98
[2025-09-08 22:38:39] Iniciando getSavedPosts
[2025-09-08 22:38:39] User authenticated in getSavedPosts: 10 - marianalobonascimento
[2025-09-08 22:38:39] Searching saved posts for user ID: 10
[2025-09-08 22:38:39] Found 3 saved posts
[2025-09-08 22:38:39] Returning response with 3 formatted posts
[2025-09-08 22:38:39] Iniciando getSavedPosts
[2025-09-08 22:38:39] User authenticated in getSavedPosts: 10 - marianalobonascimento
[2025-09-08 22:38:39] Searching saved posts for user ID: 10
[2025-09-08 22:38:39] Found 3 saved posts
[2025-09-08 22:38:39] Returning response with 3 formatted posts
[2025-09-08 22:38:39] PHP Error: Undefined array key "email" in C:\xampp\htdocs\empowerup\api\utils\Helper.php on line 98
[2025-09-08 22:38:39] PHP Error: Undefined array key "email" in C:\xampp\htdocs\empowerup\api\utils\Helper.php on line 98
[2025-09-08 22:39:49] PHP Error: Undefined array key "email" in C:\xampp\htdocs\empowerup\api\utils\Helper.php on line 98
[2025-09-08 22:39:49] Iniciando getSavedPosts
[2025-09-08 22:39:49] User authenticated in getSavedPosts: 10 - marianalobonascimento
[2025-09-08 22:39:49] Searching saved posts for user ID: 10
[2025-09-08 22:39:49] Found 3 saved posts
[2025-09-08 22:39:49] Returning response with 3 formatted posts
[2025-09-08 22:39:49] PHP Error: Undefined array key "email" in C:\xampp\htdocs\empowerup\api\utils\Helper.php on line 98
[2025-09-08 22:39:49] Iniciando getSavedPosts
[2025-09-08 22:39:49] User authenticated in getSavedPosts: 10 - marianalobonascimento
[2025-09-08 22:39:49] Searching saved posts for user ID: 10
[2025-09-08 22:39:49] Found 3 saved posts
[2025-09-08 22:39:49] Returning response with 3 formatted posts
[2025-09-08 22:47:54] Migration error: Migration 006_create_notifications.php does not return a callable
[2025-09-08 22:53:08] Iniciando getSavedPosts
[2025-09-08 22:53:08] User authenticated in getSavedPosts: 10 - marianalobonascimento
[2025-09-08 22:53:08] Searching saved posts for user ID: 10
[2025-09-08 22:53:08] Found 3 saved posts
[2025-09-08 22:53:08] Returning response with 3 formatted posts
[2025-09-08 22:53:08] Iniciando getSavedPosts
[2025-09-08 22:53:08] User authenticated in getSavedPosts: 10 - marianalobonascimento
[2025-09-08 22:53:08] Searching saved posts for user ID: 10
[2025-09-08 22:53:08] Found 3 saved posts
[2025-09-08 22:53:08] Returning response with 3 formatted posts
[2025-09-08 22:53:08] PHP Error: Undefined array key "email" in C:\xampp\htdocs\empowerup\api\utils\Helper.php on line 98
[2025-09-08 22:53:08] PHP Error: Undefined array key "email" in C:\xampp\htdocs\empowerup\api\utils\Helper.php on line 98
[2025-09-08 22:53:35] PHP Error: Undefined array key "email" in C:\xampp\htdocs\empowerup\api\utils\Helper.php on line 98
[2025-09-08 22:53:35] PHP Error: Undefined array key "email" in C:\xampp\htdocs\empowerup\api\utils\Helper.php on line 98
[2025-09-08 22:53:35] PHP Error: Undefined array key "email" in C:\xampp\htdocs\empowerup\api\utils\Helper.php on line 98
[2025-09-08 22:53:35] PHP Error: Undefined array key "email" in C:\xampp\htdocs\empowerup\api\utils\Helper.php on line 98
[2025-09-08 22:53:48] PHP Error: Undefined array key "email" in C:\xampp\htdocs\empowerup\api\utils\Helper.php on line 98
[2025-09-08 22:53:48] PHP Error: Undefined array key "email" in C:\xampp\htdocs\empowerup\api\utils\Helper.php on line 98
[2025-09-08 22:53:48] PHP Error: Undefined array key "email" in C:\xampp\htdocs\empowerup\api\utils\Helper.php on line 98
[2025-09-08 22:53:48] PHP Error: Undefined array key "email" in C:\xampp\htdocs\empowerup\api\utils\Helper.php on line 98
[2025-09-08 22:54:05] PHP Error: Undefined array key "email" in C:\xampp\htdocs\empowerup\api\utils\Helper.php on line 98
[2025-09-08 22:54:05] PHP Error: Undefined array key "email" in C:\xampp\htdocs\empowerup\api\utils\Helper.php on line 98
[2025-09-08 22:54:17] Iniciando getSavedPosts
[2025-09-08 22:54:17] User authenticated in getSavedPosts: 10 - marianalobonascimento
[2025-09-08 22:54:17] Searching saved posts for user ID: 10
[2025-09-08 22:54:17] Found 3 saved posts
[2025-09-08 22:54:17] Returning response with 3 formatted posts
[2025-09-08 22:54:17] PHP Error: Undefined array key "email" in C:\xampp\htdocs\empowerup\api\utils\Helper.php on line 98
[2025-09-08 22:54:17] Iniciando getSavedPosts
[2025-09-08 22:54:17] User authenticated in getSavedPosts: 10 - marianalobonascimento
[2025-09-08 22:54:17] Searching saved posts for user ID: 10
[2025-09-08 22:54:17] Found 3 saved posts
[2025-09-08 22:54:17] Returning response with 3 formatted posts
[2025-09-08 22:54:17] PHP Error: Undefined array key "email" in C:\xampp\htdocs\empowerup\api\utils\Helper.php on line 98
[2025-09-08 22:54:27] PHP Error: Undefined array key "email" in C:\xampp\htdocs\empowerup\api\utils\Helper.php on line 98
[2025-09-08 22:54:27] PHP Error: Undefined array key "email" in C:\xampp\htdocs\empowerup\api\utils\Helper.php on line 98
[2025-09-08 22:54:41] PHP Error: Undefined array key "email" in C:\xampp\htdocs\empowerup\api\utils\Helper.php on line 98
[2025-09-08 22:54:41] Iniciando getSavedPosts
[2025-09-08 22:54:41] User authenticated in getSavedPosts: 10 - marianalobonascimento
[2025-09-08 22:54:41] Searching saved posts for user ID: 10
[2025-09-08 22:54:41] Found 3 saved posts
[2025-09-08 22:54:41] Returning response with 3 formatted posts
[2025-09-08 23:07:24] PHP Error: Undefined array key "email" in C:\xampp\htdocs\empowerup\api\utils\Helper.php on line 98
[2025-09-08 23:07:23] Iniciando getSavedPosts
[2025-09-08 23:07:24] User authenticated in getSavedPosts: 10 - marianalobonascimento
[2025-09-08 23:07:24] Searching saved posts for user ID: 10
[2025-09-08 23:07:25] Found 3 saved posts
[2025-09-08 23:07:25] Returning response with 3 formatted posts
[2025-09-08 23:09:30] Iniciando getSavedPosts
[2025-09-08 23:09:30] User authenticated in getSavedPosts: 10 - marianalobonascimento
[2025-09-08 23:09:30] Searching saved posts for user ID: 10
[2025-09-08 23:09:31] PHP Error: Undefined array key "email" in C:\xampp\htdocs\empowerup\api\utils\Helper.php on line 98
[2025-09-08 23:09:31] PHP Error: Undefined array key "email" in C:\xampp\htdocs\empowerup\api\utils\Helper.php on line 98
[2025-09-08 23:09:31] Found 3 saved posts
[2025-09-08 23:09:31] Returning response with 3 formatted posts
[2025-09-08 23:09:31] Iniciando getSavedPosts
[2025-09-08 23:09:31] User authenticated in getSavedPosts: 10 - marianalobonascimento
[2025-09-08 23:09:31] Searching saved posts for user ID: 10
[2025-09-08 23:09:31] Found 3 saved posts
[2025-09-08 23:09:31] Returning response with 3 formatted posts
[2025-09-08 23:38:54] Iniciando getSavedPosts
[2025-09-08 23:38:53] PHP Error: Undefined array key "email" in C:\xampp\htdocs\empowerup\api\utils\Helper.php on line 98
[2025-09-08 23:38:54] User authenticated in getSavedPosts: 11 - taylorswift13
[2025-09-08 23:38:54] Searching saved posts for user ID: 11
[2025-09-08 23:38:54] PHP Error: Undefined array key "email" in C:\xampp\htdocs\empowerup\api\utils\Helper.php on line 98
[2025-09-08 23:38:54] Found 0 saved posts
[2025-09-08 23:38:54] Returning response with 0 formatted posts
[2025-09-08 23:38:54] Iniciando getSavedPosts
[2025-09-08 23:38:54] User authenticated in getSavedPosts: 11 - taylorswift13
[2025-09-08 23:38:54] Searching saved posts for user ID: 11
[2025-09-08 23:38:54] Found 0 saved posts
[2025-09-08 23:38:54] Returning response with 0 formatted posts
[2025-09-08 23:39:43] Iniciando getSavedPosts
[2025-09-08 23:39:43] User authenticated in getSavedPosts: 11 - taylorswift13
[2025-09-08 23:39:43] Searching saved posts for user ID: 11
[2025-09-08 23:39:43] Found 0 saved posts
[2025-09-08 23:39:43] Returning response with 0 formatted posts
[2025-09-08 23:39:43] Iniciando getSavedPosts
[2025-09-08 23:39:43] User authenticated in getSavedPosts: 11 - taylorswift13
[2025-09-08 23:39:43] Searching saved posts for user ID: 11
[2025-09-08 23:39:43] Found 0 saved posts
[2025-09-08 23:39:43] Returning response with 0 formatted posts
[2025-09-08 23:39:44] PHP Error: Undefined array key "email" in C:\xampp\htdocs\empowerup\api\utils\Helper.php on line 98
[2025-09-08 23:39:44] PHP Error: Undefined array key "email" in C:\xampp\htdocs\empowerup\api\utils\Helper.php on line 98
[2025-09-08 23:39:59] Iniciando getSavedPosts
[2025-09-08 23:39:59] PHP Error: Undefined array key "email" in C:\xampp\htdocs\empowerup\api\utils\Helper.php on line 98
[2025-09-08 23:39:59] User authenticated in getSavedPosts: 11 - taylorswift13
[2025-09-08 23:39:59] Searching saved posts for user ID: 11
[2025-09-08 23:39:59] Found 0 saved posts
[2025-09-08 23:39:59] Returning response with 0 formatted posts
[2025-09-08 23:39:59] PHP Error: Undefined array key "email" in C:\xampp\htdocs\empowerup\api\utils\Helper.php on line 98
[2025-09-08 23:39:59] Iniciando getSavedPosts
[2025-09-08 23:39:59] User authenticated in getSavedPosts: 11 - taylorswift13
[2025-09-08 23:39:59] Searching saved posts for user ID: 11
[2025-09-08 23:39:59] Found 0 saved posts
[2025-09-08 23:39:59] Returning response with 0 formatted posts
[2025-09-08 23:40:23] Iniciando getSavedPosts
[2025-09-08 23:40:23] User authenticated in getSavedPosts: 11 - taylorswift13
[2025-09-08 23:40:23] Searching saved posts for user ID: 11
[2025-09-08 23:40:23] Found 1 saved posts
[2025-09-08 23:40:23] Returning response with 1 formatted posts
[2025-09-08 23:40:23] Iniciando getSavedPosts
[2025-09-08 23:40:23] User authenticated in getSavedPosts: 11 - taylorswift13
[2025-09-08 23:40:23] Searching saved posts for user ID: 11
[2025-09-08 23:40:23] Found 1 saved posts
[2025-09-08 23:40:23] Returning response with 1 formatted posts
[2025-09-09 00:17:04] Uncaught exception: Class "CommentController" not found
[2025-09-09 00:17:04] Uncaught exception: Class "CommentController" not found
